#
# A fatal error has been detected by the Java Runtime Environment:
#
#  EXCEPTION_ACCESS_VIOLATION (0xc0000005) at pc=0x73b4b1db, pid=2524, tid=688
#
# JRE version: 6.0_16-b01
# Java VM: Java HotSpot(TM) Client VM (14.2-b01 mixed mode, sharing windows-x86 )
# Problematic frame:
# C  [AVICAP32.DLL+0xb1db]
#
# If you would like to submit a bug report, please visit:
#   http://java.sun.com/webapps/bugreport/crash.jsp
# The crash happened outside the Java Virtual Machine in native code.
# See problematic frame for where to report the bug.
#

---------------  T H R E A D  ---------------

Current thread (0x00857400):  JavaThread "main" [_thread_in_native, id=688, stack(0x008f0000,0x00940000)]

siginfo: ExceptionCode=0xc0000005, writing address 0x00000000

Registers:
EAX=0x00000000, EBX=0x00000000, ECX=0x00000234, EDX=0x7c90e514
ESP=0x0093e270, EBP=0x0093e284, ESI=0x00000001, EDI=0x00000000
EIP=0x73b4b1db, EFLAGS=0x00010246

Top of Stack: (sp=0x0093e270)
0x0093e270:   00000004 73b4e6e0 00000001 00000bc0
0x0093e280:   000cbc88 0093e6ec 73b4b451 00000001
0x0093e290:   00000000 00000000 00000000 7c809f7a
0x0093e2a0:   73b4b68e 000a89a0 73b4b7eb 000a89a0
0x0093e2b0:   00000000 000a8928 00660076 00770077
0x0093e2c0:   006d0064 00320033 0064002e 006c006c
0x0093e2d0:   001a0000 0093e528 7c91bec2 00000000
0x0093e2e0:   0000000e 00000004 0093e308 000a0500 

Instructions: (pc=0x73b4b1db)
0x73b4b1cb:   ec 0c 53 8b 5d 0c 57 33 c0 b9 34 02 00 00 8b fb
0x73b4b1db:   f3 ab e8 57 ff ff ff 85 c0 89 45 f8 0f 84 00 01 


Stack: [0x008f0000,0x00940000],  sp=0x0093e270,  free space=312k
Native frames: (J=compiled Java code, j=interpreted, Vv=VM code, C=native code)
C  [AVICAP32.DLL+0xb1db]
C  [AVICAP32.DLL+0xb451]
C  [AVICAP32.DLL+0x1bfc]
C  [AVICAP32.DLL+0x7410]
C  [AVICAP32.DLL+0x7ffb]
C  [USER32.dll+0x8734]
C  [USER32.dll+0x8816]
C  [USER32.dll+0x18ea0]
C  [USER32.dll+0x18eec]
C  [ntdll.dll+0xe473]
C  [USER32.dll+0x1f40b]

Java frames: (J=compiled Java code, j=interpreted, Vv=VM code)
j  com.xuggle.xuggler.XugglerJNI.IContainer_open__SWIG_0(JLcom/xuggle/xuggler/IContainer;Ljava/lang/String;IJLcom/xuggle/xuggler/IContainerFormat;)I+0
j  com.xuggle.xuggler.IContainer.open(Ljava/lang/String;Lcom/xuggle/xuggler/IContainer$Type;Lcom/xuggle/xuggler/IContainerFormat;)I+15
j  com.bpn.diplom.video.DisplayWebcamVideo.showVideoProcessing()V+113
j  com.bpn.diplom.processing.ProcessingImageLBP.main([Ljava/lang/String;)V+31
v  ~StubRoutines::call_stub

---------------  P R O C E S S  ---------------

Java Threads: ( => current thread )
  0x02b1a400 JavaThread "Low Memory Detector" daemon [_thread_blocked, id=2164, stack(0x02d90000,0x02de0000)]
  0x02b14000 JavaThread "CompilerThread0" daemon [_thread_blocked, id=528, stack(0x02d40000,0x02d90000)]
  0x02b12400 JavaThread "Attach Listener" daemon [_thread_blocked, id=3592, stack(0x02cf0000,0x02d40000)]
  0x02b11000 JavaThread "Signal Dispatcher" daemon [_thread_blocked, id=3588, stack(0x02ca0000,0x02cf0000)]
  0x02ad2800 JavaThread "Finalizer" daemon [_thread_blocked, id=3800, stack(0x02c50000,0x02ca0000)]
  0x02acdc00 JavaThread "Reference Handler" daemon [_thread_blocked, id=3876, stack(0x02c00000,0x02c50000)]
=>0x00857400 JavaThread "main" [_thread_in_native, id=688, stack(0x008f0000,0x00940000)]

Other Threads:
  0x02acc400 VMThread [stack: 0x02bb0000,0x02c00000] [id=1532]
  0x02b2dc00 WatcherThread [stack: 0x02de0000,0x02e30000] [id=2672]

VM state:not at safepoint (normal execution)

VM Mutex/Monitor currently owned by a thread: None

Heap
 def new generation   total 960K, used 873K [0x229d0000, 0x22ad0000, 0x22eb0000)
  eden space 896K,  97% used [0x229d0000, 0x22aaa540, 0x22ab0000)
  from space 64K,   0% used [0x22ab0000, 0x22ab0000, 0x22ac0000)
  to   space 64K,   0% used [0x22ac0000, 0x22ac0000, 0x22ad0000)
 tenured generation   total 4096K, used 0K [0x22eb0000, 0x232b0000, 0x269d0000)
   the space 4096K,   0% used [0x22eb0000, 0x22eb0000, 0x22eb0200, 0x232b0000)
 compacting perm gen  total 12288K, used 776K [0x269d0000, 0x275d0000, 0x2a9d0000)
   the space 12288K,   6% used [0x269d0000, 0x26a92220, 0x26a92400, 0x275d0000)
    ro space 8192K,  67% used [0x2a9d0000, 0x2af39040, 0x2af39200, 0x2b1d0000)
    rw space 12288K,  54% used [0x2b1d0000, 0x2b84d348, 0x2b84d400, 0x2bdd0000)

Dynamic libraries:
0x00400000 - 0x00424000 	C:\Program Files\Java\jdk1.6.0_16\jre\bin\javaw.exe
0x7c900000 - 0x7c9b3000 	C:\WINDOWS\system32\ntdll.dll
0x7c800000 - 0x7c8f8000 	C:\WINDOWS\system32\kernel32.dll
0x77dc0000 - 0x77e6c000 	C:\WINDOWS\system32\ADVAPI32.dll
0x77e70000 - 0x77f03000 	C:\WINDOWS\system32\RPCRT4.dll
0x77fe0000 - 0x77ff1000 	C:\WINDOWS\system32\Secur32.dll
0x7e360000 - 0x7e3f1000 	C:\WINDOWS\system32\USER32.dll
0x77f10000 - 0x77f59000 	C:\WINDOWS\system32\GDI32.dll
0x76360000 - 0x7637d000 	C:\WINDOWS\system32\IMM32.DLL
0x6d570000 - 0x6d58a000 	C:\PROGRA~1\KASPER~1\KASPER~1\mzvkbd3.dll
0x7c340000 - 0x7c396000 	C:\Program Files\Java\jdk1.6.0_16\jre\bin\msvcr71.dll
0x6d8b0000 - 0x6db3b000 	C:\Program Files\Java\jdk1.6.0_16\jre\bin\client\jvm.dll
0x76b20000 - 0x76b4e000 	C:\WINDOWS\system32\WINMM.dll
0x6d860000 - 0x6d86c000 	C:\Program Files\Java\jdk1.6.0_16\jre\bin\verify.dll
0x6d3e0000 - 0x6d3ff000 	C:\Program Files\Java\jdk1.6.0_16\jre\bin\java.dll
0x6d340000 - 0x6d348000 	C:\Program Files\Java\jdk1.6.0_16\jre\bin\hpi.dll
0x76be0000 - 0x76beb000 	C:\WINDOWS\system32\PSAPI.DLL
0x6d8a0000 - 0x6d8af000 	C:\Program Files\Java\jdk1.6.0_16\jre\bin\zip.dll
0x6c980000 - 0x6ca32000 	C:\Program Files\Xuggle\bin\libxuggle-xuggler-3.dll
0x67ec0000 - 0x67f6f000 	C:\Program Files\Xuggle\bin\libxuggle-ferry-3.dll
0x77c00000 - 0x77c58000 	C:\WINDOWS\system32\msvcrt.dll
0x6ad40000 - 0x6b68a000 	C:\Program Files\Xuggle\bin\avcodec-52.dll
0x03080000 - 0x0309c000 	C:\Program Files\Xuggle\bin\avutil-50.dll
0x6eb80000 - 0x6ec03000 	C:\Program Files\Xuggle\bin\libmp3lame-0.dll
0x69580000 - 0x695a1000 	C:\Program Files\Xuggle\bin\libspeex-1.dll
0x65b40000 - 0x65b5c000 	C:\Program Files\Xuggle\bin\libtheoradec-1.dll
0x63100000 - 0x63144000 	C:\Program Files\Xuggle\bin\libtheoraenc-1.dll
0x10000000 - 0x10010000 	C:\Program Files\Xuggle\bin\libogg-0.dll
0x6d540000 - 0x6d570000 	C:\Program Files\Xuggle\bin\libvorbis-0.dll
0x030a0000 - 0x031a0000 	C:\Program Files\Xuggle\bin\libvorbisenc-2.dll
0x6f5c0000 - 0x6f67e000 	C:\Program Files\Xuggle\bin\libx264-83.dll
0x6f800000 - 0x6f808000 	C:\Program Files\Xuggle\bin\avdevice-52.dll
0x64940000 - 0x649ea000 	C:\Program Files\Xuggle\bin\avformat-52.dll
0x71a90000 - 0x71aa7000 	C:\WINDOWS\system32\WS2_32.DLL
0x71a80000 - 0x71a88000 	C:\WINDOWS\system32\WS2HELP.dll
0x73b40000 - 0x73b53000 	C:\WINDOWS\system32\AVICAP32.DLL
0x77bf0000 - 0x77bf8000 	C:\WINDOWS\system32\VERSION.dll
0x75a40000 - 0x75a61000 	C:\WINDOWS\system32\MSVFW32.dll
0x7c9c0000 - 0x7d1db000 	C:\WINDOWS\system32\SHELL32.dll
0x77f60000 - 0x77fd6000 	C:\WINDOWS\system32\SHLWAPI.dll
0x773c0000 - 0x774c3000 	C:\WINDOWS\WinSxS\x86_Microsoft.Windows.Common-Controls_6595b64144ccf1df_6.0.2600.6028_x-ww_61e65202\COMCTL32.dll
0x6d780000 - 0x6d7b5000 	C:\Program Files\Xuggle\bin\swscale-0.dll
0x746e0000 - 0x7472c000 	C:\WINDOWS\system32\MSCTF.dll
0x03250000 - 0x0325d000 	C:\Program Files\Arsenal Company\Сократ Персональный 4.1\SpvHook.dll
0x73b80000 - 0x73b86000 	C:\WINDOWS\system32\DCIMAN32.DLL
0x72ce0000 - 0x72ce9000 	C:\WINDOWS\system32\wdmaud.drv
0x76c20000 - 0x76c4e000 	C:\WINDOWS\system32\WINTRUST.dll
0x77a70000 - 0x77b06000 	C:\WINDOWS\system32\CRYPT32.dll
0x77b10000 - 0x77b22000 	C:\WINDOWS\system32\MSASN1.dll
0x76c80000 - 0x76ca8000 	C:\WINDOWS\system32\IMAGEHLP.dll
0x72cd0000 - 0x72cd8000 	C:\WINDOWS\system32\msacm32.drv
0x77bd0000 - 0x77be5000 	C:\WINDOWS\system32\MSACM32.dll
0x77bc0000 - 0x77bc7000 	C:\WINDOWS\system32\midimap.dll
0x5b1d0000 - 0x5b1e0000 	C:\WINDOWS\system32\vfwwdm32.dll
0x73ea0000 - 0x73ea4000 	C:\WINDOWS\system32\ksuser.dll
0x774d0000 - 0x7760e000 	C:\WINDOWS\system32\ole32.dll
0x77110000 - 0x7719b000 	C:\WINDOWS\system32\OLEAUT32.dll
0x76fc0000 - 0x7703f000 	C:\WINDOWS\system32\CLBCATQ.DLL
0x77040000 - 0x77107000 	C:\WINDOWS\system32\COMRes.dll
0x765b0000 - 0x765c1000 	C:\WINDOWS\system32\devenum.dll
0x77910000 - 0x77a04000 	C:\WINDOWS\system32\setupapi.dll
0x73670000 - 0x73677000 	C:\WINDOWS\system32\msdmo.dll
0x68f90000 - 0x68fb3000 	C:\WINDOWS\system32\ksproxy.ax
0x75870000 - 0x7587a000 	C:\WINDOWS\system32\vidcap.ax
0x76b00000 - 0x76b11000 	C:\WINDOWS\system32\ATL.DLL
0x581d0000 - 0x581e9000 	C:\WINDOWS\system32\kswdmcap.ax
0x73d90000 - 0x73e82000 	C:\WINDOWS\system32\MFC42.DLL
0x61ec0000 - 0x61ece000 	C:\WINDOWS\system32\MFC42LOC.DLL
0x758b0000 - 0x758e2000 	C:\WINDOWS\system32\qcap.dll
0x747d0000 - 0x7493e000 	C:\WINDOWS\system32\quartz.dll
0x75310000 - 0x7533e000 	C:\WINDOWS\system32\msctfime.ime

VM Arguments:
jvm_args: -Dfile.encoding=Cp1251 -Xbootclasspath/a:C:\Program Files\Xuggle\share\java\jars\xuggle-xuggler-test.jar;C:\Program Files\Xuggle\share\java\jars\commons-cli.jar;C:\Program Files\Xuggle\share\java\jars\logback-classic.jar;C:\Program Files\Xuggle\share\java\jars\logback-core.jar;C:\Program Files\Xuggle\share\java\jars\slf4j-api.jar;C:\Program Files\Xuggle\share\java\jars\xuggle-xuggler.jar 
java_command: com.bpn.diplom.processing.ProcessingImageLBP
Launcher Type: SUN_STANDARD

Environment Variables:
